<?xml version="1.0" encoding="UTF-8"?>
<!-- Generated by org.testng.reporters.JUnitReportReporter -->
<testsuite skipped="0" hostname="MY-PC" name="org.cc.listeners.ListenersDemoExample" tests="1" failures="0" timestamp="29 Jan 2018 13:28:53 GMT" time="23.925" errors="0">
  <testcase name="loginFB" time="23.925" classname="org.cc.listeners.ListenersDemoExample"/>
</testsuite> <!-- org.cc.listeners.ListenersDemoExample -->
